{"/home/hyannguyen0610/workspace/school/software-testing/FLOGINFE_BE/frontend/src/services/base.service.ts": {"path":"/home/hyannguyen0610/workspace/school/software-testing/FLOGINFE_BE/frontend/src/services/base.service.ts","statementMap":{"0":{"start":{"line":2,"column":28},"end":{"line":2,"column":null}},"1":{"start":{"line":5,"column":22},"end":{"line":5,"column":null}},"2":{"start":{"line":6,"column":8},"end":{"line":9,"column":null}},"3":{"start":{"line":13,"column":21},"end":{"line":13,"column":null}},"4":{"start":{"line":14,"column":8},"end":{"line":14,"column":null}},"5":{"start":{"line":14,"column":19},"end":{"line":14,"column":null}},"6":{"start":{"line":17,"column":8},"end":{"line":18,"column":null}},"7":{"start":{"line":17,"column":14},"end":{"line":17,"column":39}},"8":{"start":{"line":18,"column":16},"end":{"line":18,"column":68}},"9":{"start":{"line":20,"column":8},"end":{"line":20,"column":null}},"10":{"start":{"line":20,"column":26},"end":{"line":20,"column":null}},"11":{"start":{"line":21,"column":8},"end":{"line":21,"column":null}},"12":{"start":{"line":25,"column":8},"end":{"line":26,"column":null}},"13":{"start":{"line":26,"column":12},"end":{"line":26,"column":null}},"14":{"start":{"line":27,"column":8},"end":{"line":27,"column":null}}},"fnMap":{"0":{"name":"(anonymous_0)","decl":{"start":{"line":4,"column":14},"end":{"line":4,"column":44}},"loc":{"start":{"line":4,"column":44},"end":{"line":10,"column":null}},"line":4},"1":{"name":"(anonymous_1)","decl":{"start":{"line":12,"column":20},"end":{"line":12,"column":38}},"loc":{"start":{"line":12,"column":92},"end":{"line":22,"column":null}},"line":12},"2":{"name":"(anonymous_2)","decl":{"start":{"line":24,"column":14},"end":{"line":24,"column":31}},"loc":{"start":{"line":24,"column":54},"end":{"line":28,"column":null}},"line":24}},"branchMap":{"0":{"loc":{"start":{"line":8,"column":16},"end":{"line":8,"column":null}},"type":"binary-expr","locations":[{"start":{"line":8,"column":16},"end":{"line":8,"column":25}},{"start":{"line":8,"column":25},"end":{"line":8,"column":null}}],"line":8},"1":{"loc":{"start":{"line":14,"column":8},"end":{"line":14,"column":null}},"type":"if","locations":[{"start":{"line":14,"column":8},"end":{"line":14,"column":null}},{"start":{},"end":{}}],"line":14},"2":{"loc":{"start":{"line":20,"column":8},"end":{"line":20,"column":null}},"type":"if","locations":[{"start":{"line":20,"column":8},"end":{"line":20,"column":null}},{"start":{},"end":{}}],"line":20},"3":{"loc":{"start":{"line":20,"column":42},"end":{"line":20,"column":70}},"type":"binary-expr","locations":[{"start":{"line":20,"column":42},"end":{"line":20,"column":58}},{"start":{"line":20,"column":58},"end":{"line":20,"column":70}}],"line":20},"4":{"loc":{"start":{"line":25,"column":8},"end":{"line":26,"column":null}},"type":"if","locations":[{"start":{"line":25,"column":8},"end":{"line":26,"column":null}},{"start":{},"end":{}}],"line":25},"5":{"loc":{"start":{"line":25,"column":12},"end":{"line":25,"column":null}},"type":"binary-expr","locations":[{"start":{"line":25,"column":12},"end":{"line":25,"column":42}},{"start":{"line":25,"column":42},"end":{"line":25,"column":null}}],"line":25}},"s":{"0":2,"1":0,"2":0,"3":0,"4":0,"5":0,"6":0,"7":0,"8":0,"9":0,"10":0,"11":0,"12":0,"13":0,"14":0},"f":{"0":0,"1":0,"2":0},"b":{"0":[0,0],"1":[0,0],"2":[0,0],"3":[0,0],"4":[0,0],"5":[0,0]},"meta":{"lastBranch":6,"lastFunction":3,"lastStatement":15,"seen":{"s:2:28:2:Infinity":0,"f:4:14:4:44":0,"s:5:22:5:Infinity":1,"s:6:8:9:Infinity":2,"b:8:16:8:25:8:25:8:Infinity":0,"f:12:20:12:38":1,"s:13:21:13:Infinity":3,"b:14:8:14:Infinity:undefined:undefined:undefined:undefined":1,"s:14:8:14:Infinity":4,"s:14:19:14:Infinity":5,"s:17:8:18:Infinity":6,"s:17:14:17:39":7,"s:18:16:18:68":8,"b:20:8:20:Infinity:undefined:undefined:undefined:undefined":2,"s:20:8:20:Infinity":9,"s:20:26:20:Infinity":10,"b:20:42:20:58:20:58:20:70":3,"s:21:8:21:Infinity":11,"f:24:14:24:31":2,"b:25:8:26:Infinity:undefined:undefined:undefined:undefined":4,"s:25:8:26:Infinity":12,"b:25:12:25:42:25:42:25:Infinity":5,"s:26:12:26:Infinity":13,"s:27:8:27:Infinity":14}}}
}
